qshell get github-images 5jJ27FHEDl.png -o 5jJ27FHEDl.png
qshell get github-images dcm2AfeBgc.png -o dcm2AfeBgc.png
qshell get github-images github/171102/7chG39bI55.jpg -o 7chG39bI55.jpg
qshell get github-images github/171107/KFlEc4Fk20.png -o KFlEc4Fk20.png
qshell get github-images github/171107/Lb0lJEFFi9.jpg -o Lb0lJEFFi9.jpg 
qshell get github-images github/171107/giLDl9lIHa.jpg -o giLDl9lIHa.jpg
qshell get github-images kjl7KBEdjc.jpg -o kjl7KBEdjc.jpg
qshell get github-images 053gdgCkHG.jpg -o 053gdgCkHG.jpg
qshell get github-images github/171108/Bb7c9AK52h.jpg -o Bb7c9AK52h.jpg
qshell get github-images bF4Alm4fcG.jpg -o bF4Alm4fcG.jpg
qshell get github-images github/171108/hk7I9ccic0.jpg -o hk7I9ccic0.jpg
qshell get github-images github/171109/A04eBDGA1j.jpg -o A04eBDGA1j.jpg
qshell get github-images github/171109/ia5cF7fIGk.jpg -o ia5cF7fIGk.jpg
qshell get github-images github/171110/bLLL6Hadaj.jpg -o bLLL6Hadaj.jpg
qshell get github-images github/171113/K4F28aG2Kg.png -o K4F28aG2Kg.png
qshell get github-images github/171116/0JD765eBgD.jpg -o 0JD765eBgD.jpg
qshell get github-images github/171116/BGlCccbJ0a.jpg -o BGlCccbJ0a.jpg
qshell get github-images github/171116/DKCmI6a51D.jpg -o DKCmI6a51D.jpg
qshell get github-images github/171116/a8HjA1iJl5.jpg -o a8HjA1iJl5.jpg
qshell get github-images github/171116/b3f621I3G6.jpg -o b3f621I3G6.jpg
qshell get github-images github/171116/gc3j58GK5f.jpg -o gc3j58GK5f.jpg
qshell get github-images github/171201/553mbd1lKg.jpg -o 553mbd1lKg.jpg
qshell get github-images github/171201/DfkHEEEc1c.jpg -o DfkHEEEc1c.jpg
qshell get github-images github/171201/G7b927HG63.jpg -o G7b927HG63.jpg
qshell get github-images github/171201/a5k0hmfK9I.jpg -o a5k0hmfK9I.jpg
qshell get github-images ei3dflDGDG.jpg -o ei3dflDGDG.jpg
qshell get github-images github/171201/fGEeBF716e.jpg -o fGEeBF716e.jpg 
qshell get github-images github/171201/h1HkaAei2m.jpg -o h1HkaAei2m.jpg
qshell get github-images github/171201/iialF2i0gB.jpg -o iialF2i0gB.jpg
qshell get github-images JG7AjIb3dh.jpg -o JG7AjIb3dh.jpg
